17:58:18.955 [main] INFO  api.test.UserTest2 - ************* Creating User ***************
17:58:25.586 [main] INFO  api.test.UserTest2 - ************* User is Created ***************
17:58:25.609 [main] INFO  api.test.UserTest2 - ************* Reading User Info ***************
17:58:36.188 [main] INFO  api.test.UserTest2 - ************* User Info is Displayed ***************
17:58:36.195 [main] INFO  api.test.UserTest2 - ************* Updating User Info ***************
17:58:42.741 [main] INFO  api.test.UserTest2 - ************* User Info is Updated ***************
17:58:47.494 [main] INFO  api.test.UserTest2 - ************* Deleting User Info ***************
17:58:50.006 [main] INFO  api.test.UserTest2 - ************* deleted User Info ***************
17:59:42.751 [main] INFO  api.test.UserTest2 - ************* Creating User ***************
17:59:49.590 [main] INFO  api.test.UserTest2 - ************* User is Created ***************
17:59:49.608 [main] INFO  api.test.UserTest2 - ************* Reading User Info ***************
17:59:52.368 [main] INFO  api.test.UserTest2 - ************* User Info is Displayed ***************
17:59:52.378 [main] INFO  api.test.UserTest2 - ************* Updating User Info ***************
17:59:57.595 [main] INFO  api.test.UserTest2 - ************* User Info is Updated ***************
18:00:01.994 [main] INFO  api.test.UserTest2 - ************* Deleting User Info ***************
18:00:07.851 [main] INFO  api.test.UserTest2 - ************* deleted User Info ***************
18:09:07.474 [main] INFO  api.test.UserTest2 - ************* Creating User ***************
18:09:12.066 [main] INFO  api.test.UserTest2 - ************* User is Created ***************
18:09:12.091 [main] INFO  api.test.UserTest2 - ************* Reading User Info ***************
18:09:20.017 [main] INFO  api.test.UserTest2 - ************* User Info is Displayed ***************
18:09:20.022 [main] INFO  api.test.UserTest2 - ************* Updating User Info ***************
18:09:22.328 [main] INFO  api.test.UserTest2 - ************* User Info is Updated ***************
18:09:25.321 [main] INFO  api.test.UserTest2 - ************* Deleting User Info ***************
18:09:30.218 [main] INFO  api.test.UserTest2 - ************* deleted User Info ***************
18:19:45.526 [main] INFO  api.test.UserTest2 - ************* Creating User ***************
18:19:45.544 [main] INFO  api.test.UserTest2 - ************* Reading User Info ***************
18:19:45.553 [main] INFO  api.test.UserTest2 - ************* Updating User Info ***************
18:19:45.563 [main] INFO  api.test.UserTest2 - ************* Deleting User Info ***************
18:22:17.875 [main] INFO  api.test.UserTest2 - ************* Creating User ***************
18:22:24.289 [main] INFO  api.test.UserTest2 - ************* User is Created ***************
18:22:24.313 [main] INFO  api.test.UserTest2 - ************* Reading User Info ***************
18:22:28.456 [main] INFO  api.test.UserTest2 - ************* User Info is Displayed ***************
18:22:28.465 [main] INFO  api.test.UserTest2 - ************* Updating User Info ***************
18:22:31.165 [main] INFO  api.test.UserTest2 - ************* User Info is Updated ***************
18:22:33.249 [main] INFO  api.test.UserTest2 - ************* Deleting User Info ***************
18:22:35.083 [main] INFO  api.test.UserTest2 - ************* deleted User Info ***************
19:56:25.288 [main] INFO  api.test.UserTest2 - ************* Creating User ***************
19:56:32.060 [main] INFO  api.test.UserTest2 - ************* User is Created ***************
19:56:32.070 [main] INFO  api.test.UserTest2 - ************* Reading User Info ***************
19:56:36.750 [main] INFO  api.test.UserTest2 - ************* User Info is Displayed ***************
19:56:36.751 [main] INFO  api.test.UserTest2 - ************* Updating User Info ***************
19:56:46.614 [main] INFO  api.test.UserTest2 - ************* User Info is Updated ***************
19:56:53.902 [main] INFO  api.test.UserTest2 - ************* Deleting User Info ***************
19:56:59.105 [main] INFO  api.test.UserTest2 - ************* deleted User Info ***************
00:19:01.875 [main] INFO  api.test.UserTest2 - ************* Creating User ***************
00:19:17.950 [main] INFO  api.test.UserTest2 - ************* User is Created ***************
00:19:17.962 [main] INFO  api.test.UserTest2 - ************* Reading User Info ***************
00:19:43.382 [main] INFO  api.test.UserTest2 - ************* User Info is Displayed ***************
00:19:43.387 [main] INFO  api.test.UserTest2 - ************* Updating User Info ***************
00:19:49.140 [main] INFO  api.test.UserTest2 - ************* User Info is Updated ***************
00:19:53.851 [main] INFO  api.test.UserTest2 - ************* Deleting User Info ***************
00:19:58.407 [main] INFO  api.test.UserTest2 - ************* deleted User Info ***************
15:23:38.999 [main] INFO  api.test.UserTest2 - ************* Creating User ***************
15:23:49.781 [main] INFO  api.test.UserTest2 - ************* User is Created ***************
15:23:49.801 [main] INFO  api.test.UserTest2 - ************* Reading User Info ***************
15:23:55.250 [main] INFO  api.test.UserTest2 - ************* User Info is Displayed ***************
15:23:55.255 [main] INFO  api.test.UserTest2 - ************* Updating User Info ***************
15:24:02.231 [main] INFO  api.test.UserTest2 - ************* User Info is Updated ***************
15:24:14.128 [main] INFO  api.test.UserTest2 - ************* Deleting User Info ***************
15:24:19.527 [main] INFO  api.test.UserTest2 - ************* deleted User Info ***************
